<?xml version="1.0" encoding="UTF-8"?>
<coverage generated="1712806697174" clover="3.2.0">
  <project timestamp="1712806697174" name="All files">
    <metrics statements="72" coveredstatements="72" conditionals="6" coveredconditionals="6" methods="38" coveredmethods="38" elements="116" coveredelements="116" complexity="0" loc="72" ncloc="72" packages="8" files="22" classes="22"/>
    <package name="home.renzosevilha.dev-workspace..hidden.listusers.src">
      <metrics statements="15" coveredstatements="15" conditionals="1" coveredconditionals="1" methods="5" coveredmethods="5"/>
      <file name="App.tsx" path="/home/renzosevilha/dev-workspace/.hidden/listusers/src/App.tsx">
        <metrics statements="15" coveredstatements="15" conditionals="1" coveredconditionals="1" methods="5" coveredmethods="5"/>
        <line num="8" count="18" type="stmt"/>
        <line num="9" count="74" type="stmt"/>
        <line num="10" count="74" type="stmt"/>
        <line num="11" count="74" type="stmt"/>
        <line num="13" count="74" type="stmt"/>
        <line num="15" count="74" type="stmt"/>
        <line num="16" count="840" type="stmt"/>
        <line num="17" count="12" type="stmt"/>
        <line num="19" count="12" type="stmt"/>
        <line num="23" count="74" type="stmt"/>
        <line num="25" count="74" type="stmt"/>
        <line num="26" count="18" type="stmt"/>
        <line num="27" count="18" type="stmt"/>
        <line num="31" count="16" type="stmt"/>
        <line num="34" count="18" type="stmt"/>
      </file>
    </package>
    <package name="home.renzosevilha.dev-workspace..hidden.listusers.src.components.Carousel">
      <metrics statements="6" coveredstatements="6" conditionals="0" coveredconditionals="0" methods="6" coveredmethods="6"/>
      <file name="Card.tsx" path="/home/renzosevilha/dev-workspace/.hidden/listusers/src/components/Carousel/Card.tsx">
        <metrics statements="1" coveredstatements="1" conditionals="0" coveredconditionals="0" methods="1" coveredmethods="1"/>
        <line num="8" count="9" type="stmt"/>
      </file>
      <file name="Container.tsx" path="/home/renzosevilha/dev-workspace/.hidden/listusers/src/components/Carousel/Container.tsx">
        <metrics statements="1" coveredstatements="1" conditionals="0" coveredconditionals="0" methods="1" coveredmethods="1"/>
        <line num="5" count="9" type="stmt"/>
      </file>
      <file name="IndicatorButton.tsx" path="/home/renzosevilha/dev-workspace/.hidden/listusers/src/components/Carousel/IndicatorButton.tsx">
        <metrics statements="1" coveredstatements="1" conditionals="0" coveredconditionals="0" methods="1" coveredmethods="1"/>
        <line num="5" count="9" type="stmt"/>
      </file>
      <file name="IndicatorButtonsContainer.tsx" path="/home/renzosevilha/dev-workspace/.hidden/listusers/src/components/Carousel/IndicatorButtonsContainer.tsx">
        <metrics statements="1" coveredstatements="1" conditionals="0" coveredconditionals="0" methods="1" coveredmethods="1"/>
        <line num="5" count="9" type="stmt"/>
      </file>
      <file name="Item.tsx" path="/home/renzosevilha/dev-workspace/.hidden/listusers/src/components/Carousel/Item.tsx">
        <metrics statements="1" coveredstatements="1" conditionals="0" coveredconditionals="0" methods="1" coveredmethods="1"/>
        <line num="7" count="9" type="stmt"/>
      </file>
      <file name="ItemsContainer.tsx" path="/home/renzosevilha/dev-workspace/.hidden/listusers/src/components/Carousel/ItemsContainer.tsx">
        <metrics statements="1" coveredstatements="1" conditionals="0" coveredconditionals="0" methods="1" coveredmethods="1"/>
        <line num="5" count="9" type="stmt"/>
      </file>
    </package>
    <package name="home.renzosevilha.dev-workspace..hidden.listusers.src.components.Modal">
      <metrics statements="2" coveredstatements="2" conditionals="0" coveredconditionals="0" methods="2" coveredmethods="2"/>
      <file name="Container.tsx" path="/home/renzosevilha/dev-workspace/.hidden/listusers/src/components/Modal/Container.tsx">
        <metrics statements="1" coveredstatements="1" conditionals="0" coveredconditionals="0" methods="1" coveredmethods="1"/>
        <line num="5" count="9" type="stmt"/>
      </file>
      <file name="Location.tsx" path="/home/renzosevilha/dev-workspace/.hidden/listusers/src/components/Modal/Location.tsx">
        <metrics statements="1" coveredstatements="1" conditionals="0" coveredconditionals="0" methods="1" coveredmethods="1"/>
        <line num="7" count="9" type="stmt"/>
      </file>
    </package>
    <package name="home.renzosevilha.dev-workspace..hidden.listusers.src.server.Users">
      <metrics statements="13" coveredstatements="13" conditionals="2" coveredconditionals="2" methods="6" coveredmethods="6"/>
      <file name="users.factory.ts" path="/home/renzosevilha/dev-workspace/.hidden/listusers/src/server/Users/users.factory.ts">
        <metrics statements="2" coveredstatements="2" conditionals="0" coveredconditionals="0" methods="1" coveredmethods="1"/>
        <line num="5" count="74" type="stmt"/>
        <line num="6" count="74" type="stmt"/>
      </file>
      <file name="users.service.ts" path="/home/renzosevilha/dev-workspace/.hidden/listusers/src/server/Users/users.service.ts">
        <metrics statements="11" coveredstatements="11" conditionals="2" coveredconditionals="2" methods="5" coveredmethods="5"/>
        <line num="100" count="74" type="stmt"/>
        <line num="103" count="240" type="stmt"/>
        <line num="119" count="18" type="stmt"/>
        <line num="121" count="18" type="cond" truecount="2" falsecount="0"/>
        <line num="122" count="18" type="stmt"/>
        <line num="124" count="18" type="stmt"/>
        <line num="128" count="24" type="stmt"/>
        <line num="132" count="18" type="stmt"/>
        <line num="133" count="18" type="stmt"/>
        <line num="137" count="18" type="stmt"/>
        <line num="139" count="16" type="stmt"/>
      </file>
    </package>
    <package name="listusers.src">
      <metrics statements="15" coveredstatements="15" conditionals="1" coveredconditionals="1" methods="5" coveredmethods="5"/>
      <file name="App.tsx" path="/listusers/src/App.tsx">
        <metrics statements="15" coveredstatements="15" conditionals="1" coveredconditionals="1" methods="5" coveredmethods="5"/>
        <line num="8" count="18" type="stmt"/>
        <line num="9" count="64" type="stmt"/>
        <line num="10" count="64" type="stmt"/>
        <line num="11" count="64" type="stmt"/>
        <line num="13" count="64" type="stmt"/>
        <line num="15" count="64" type="stmt"/>
        <line num="16" count="690" type="stmt"/>
        <line num="17" count="6" type="stmt"/>
        <line num="19" count="6" type="stmt"/>
        <line num="23" count="64" type="stmt"/>
        <line num="25" count="64" type="stmt"/>
        <line num="26" count="18" type="stmt"/>
        <line num="27" count="18" type="stmt"/>
        <line num="31" count="17" type="stmt"/>
        <line num="34" count="18" type="stmt"/>
      </file>
    </package>
    <package name="listusers.src.components.Carousel">
      <metrics statements="6" coveredstatements="6" conditionals="0" coveredconditionals="0" methods="6" coveredmethods="6"/>
      <file name="Card.tsx" path="/listusers/src/components/Carousel/Card.tsx">
        <metrics statements="1" coveredstatements="1" conditionals="0" coveredconditionals="0" methods="1" coveredmethods="1"/>
        <line num="8" count="9" type="stmt"/>
      </file>
      <file name="Container.tsx" path="/listusers/src/components/Carousel/Container.tsx">
        <metrics statements="1" coveredstatements="1" conditionals="0" coveredconditionals="0" methods="1" coveredmethods="1"/>
        <line num="5" count="9" type="stmt"/>
      </file>
      <file name="IndicatorButton.tsx" path="/listusers/src/components/Carousel/IndicatorButton.tsx">
        <metrics statements="1" coveredstatements="1" conditionals="0" coveredconditionals="0" methods="1" coveredmethods="1"/>
        <line num="5" count="9" type="stmt"/>
      </file>
      <file name="IndicatorButtonsContainer.tsx" path="/listusers/src/components/Carousel/IndicatorButtonsContainer.tsx">
        <metrics statements="1" coveredstatements="1" conditionals="0" coveredconditionals="0" methods="1" coveredmethods="1"/>
        <line num="5" count="9" type="stmt"/>
      </file>
      <file name="Item.tsx" path="/listusers/src/components/Carousel/Item.tsx">
        <metrics statements="1" coveredstatements="1" conditionals="0" coveredconditionals="0" methods="1" coveredmethods="1"/>
        <line num="7" count="9" type="stmt"/>
      </file>
      <file name="ItemsContainer.tsx" path="/listusers/src/components/Carousel/ItemsContainer.tsx">
        <metrics statements="1" coveredstatements="1" conditionals="0" coveredconditionals="0" methods="1" coveredmethods="1"/>
        <line num="5" count="9" type="stmt"/>
      </file>
    </package>
    <package name="listusers.src.components.Modal">
      <metrics statements="2" coveredstatements="2" conditionals="0" coveredconditionals="0" methods="2" coveredmethods="2"/>
      <file name="Container.tsx" path="/listusers/src/components/Modal/Container.tsx">
        <metrics statements="1" coveredstatements="1" conditionals="0" coveredconditionals="0" methods="1" coveredmethods="1"/>
        <line num="5" count="9" type="stmt"/>
      </file>
      <file name="Location.tsx" path="/listusers/src/components/Modal/Location.tsx">
        <metrics statements="1" coveredstatements="1" conditionals="0" coveredconditionals="0" methods="1" coveredmethods="1"/>
        <line num="7" count="9" type="stmt"/>
      </file>
    </package>
    <package name="listusers.src.server.Users">
      <metrics statements="13" coveredstatements="13" conditionals="2" coveredconditionals="2" methods="6" coveredmethods="6"/>
      <file name="users.factory.ts" path="/listusers/src/server/Users/users.factory.ts">
        <metrics statements="2" coveredstatements="2" conditionals="0" coveredconditionals="0" methods="1" coveredmethods="1"/>
        <line num="5" count="64" type="stmt"/>
        <line num="6" count="64" type="stmt"/>
      </file>
      <file name="users.service.ts" path="/listusers/src/server/Users/users.service.ts">
        <metrics statements="11" coveredstatements="11" conditionals="2" coveredconditionals="2" methods="5" coveredmethods="5"/>
        <line num="100" count="64" type="stmt"/>
        <line num="103" count="255" type="stmt"/>
        <line num="119" count="18" type="stmt"/>
        <line num="121" count="18" type="cond" truecount="2" falsecount="0"/>
        <line num="122" count="18" type="stmt"/>
        <line num="124" count="18" type="stmt"/>
        <line num="128" count="24" type="stmt"/>
        <line num="132" count="18" type="stmt"/>
        <line num="133" count="18" type="stmt"/>
        <line num="137" count="18" type="stmt"/>
        <line num="139" count="17" type="stmt"/>
      </file>
    </package>
  </project>
</coverage>
