<?xml version="1.0" encoding="UTF-8"?>
<coverage generated="1712793906713" clover="3.2.0">
  <project timestamp="1712793906713" name="All files">
    <metrics statements="36" coveredstatements="36" conditionals="3" coveredconditionals="3" methods="19" coveredmethods="19" elements="58" coveredelements="58" complexity="0" loc="36" ncloc="36" packages="4" files="11" classes="11"/>
    <package name="src">
      <metrics statements="15" coveredstatements="15" conditionals="1" coveredconditionals="1" methods="5" coveredmethods="5"/>
      <file name="App.tsx" path="/home/renzosevilha/dev-workspace/.hidden/listusers/src/App.tsx">
        <metrics statements="15" coveredstatements="15" conditionals="1" coveredconditionals="1" methods="5" coveredmethods="5"/>
        <line num="8" count="12" type="stmt"/>
        <line num="9" count="48" type="stmt"/>
        <line num="10" count="48" type="stmt"/>
        <line num="11" count="48" type="stmt"/>
        <line num="13" count="48" type="stmt"/>
        <line num="15" count="48" type="stmt"/>
        <line num="16" count="540" type="stmt"/>
        <line num="17" count="8" type="stmt"/>
        <line num="19" count="8" type="stmt"/>
        <line num="23" count="48" type="stmt"/>
        <line num="25" count="48" type="stmt"/>
        <line num="26" count="12" type="stmt"/>
        <line num="27" count="12" type="stmt"/>
        <line num="31" count="10" type="stmt"/>
        <line num="34" count="12" type="stmt"/>
      </file>
    </package>
    <package name="src.components.Carousel">
      <metrics statements="6" coveredstatements="6" conditionals="0" coveredconditionals="0" methods="6" coveredmethods="6"/>
      <file name="Card.tsx" path="/home/renzosevilha/dev-workspace/.hidden/listusers/src/components/Carousel/Card.tsx">
        <metrics statements="1" coveredstatements="1" conditionals="0" coveredconditionals="0" methods="1" coveredmethods="1"/>
        <line num="8" count="6" type="stmt"/>
      </file>
      <file name="Container.tsx" path="/home/renzosevilha/dev-workspace/.hidden/listusers/src/components/Carousel/Container.tsx">
        <metrics statements="1" coveredstatements="1" conditionals="0" coveredconditionals="0" methods="1" coveredmethods="1"/>
        <line num="5" count="6" type="stmt"/>
      </file>
      <file name="IndicatorButton.tsx" path="/home/renzosevilha/dev-workspace/.hidden/listusers/src/components/Carousel/IndicatorButton.tsx">
        <metrics statements="1" coveredstatements="1" conditionals="0" coveredconditionals="0" methods="1" coveredmethods="1"/>
        <line num="5" count="6" type="stmt"/>
      </file>
      <file name="IndicatorButtonsContainer.tsx" path="/home/renzosevilha/dev-workspace/.hidden/listusers/src/components/Carousel/IndicatorButtonsContainer.tsx">
        <metrics statements="1" coveredstatements="1" conditionals="0" coveredconditionals="0" methods="1" coveredmethods="1"/>
        <line num="5" count="6" type="stmt"/>
      </file>
      <file name="Item.tsx" path="/home/renzosevilha/dev-workspace/.hidden/listusers/src/components/Carousel/Item.tsx">
        <metrics statements="1" coveredstatements="1" conditionals="0" coveredconditionals="0" methods="1" coveredmethods="1"/>
        <line num="7" count="6" type="stmt"/>
      </file>
      <file name="ItemsContainer.tsx" path="/home/renzosevilha/dev-workspace/.hidden/listusers/src/components/Carousel/ItemsContainer.tsx">
        <metrics statements="1" coveredstatements="1" conditionals="0" coveredconditionals="0" methods="1" coveredmethods="1"/>
        <line num="5" count="6" type="stmt"/>
      </file>
    </package>
    <package name="src.components.Modal">
      <metrics statements="2" coveredstatements="2" conditionals="0" coveredconditionals="0" methods="2" coveredmethods="2"/>
      <file name="Container.tsx" path="/home/renzosevilha/dev-workspace/.hidden/listusers/src/components/Modal/Container.tsx">
        <metrics statements="1" coveredstatements="1" conditionals="0" coveredconditionals="0" methods="1" coveredmethods="1"/>
        <line num="5" count="6" type="stmt"/>
      </file>
      <file name="Location.tsx" path="/home/renzosevilha/dev-workspace/.hidden/listusers/src/components/Modal/Location.tsx">
        <metrics statements="1" coveredstatements="1" conditionals="0" coveredconditionals="0" methods="1" coveredmethods="1"/>
        <line num="7" count="6" type="stmt"/>
      </file>
    </package>
    <package name="src.server.Users">
      <metrics statements="13" coveredstatements="13" conditionals="2" coveredconditionals="2" methods="6" coveredmethods="6"/>
      <file name="users.factory.ts" path="/home/renzosevilha/dev-workspace/.hidden/listusers/src/server/Users/users.factory.ts">
        <metrics statements="2" coveredstatements="2" conditionals="0" coveredconditionals="0" methods="1" coveredmethods="1"/>
        <line num="5" count="48" type="stmt"/>
        <line num="6" count="48" type="stmt"/>
      </file>
      <file name="users.service.ts" path="/home/renzosevilha/dev-workspace/.hidden/listusers/src/server/Users/users.service.ts">
        <metrics statements="11" coveredstatements="11" conditionals="2" coveredconditionals="2" methods="5" coveredmethods="5"/>
        <line num="100" count="48" type="stmt"/>
        <line num="103" count="150" type="stmt"/>
        <line num="119" count="12" type="stmt"/>
        <line num="121" count="12" type="cond" truecount="2" falsecount="0"/>
        <line num="122" count="12" type="stmt"/>
        <line num="124" count="12" type="stmt"/>
        <line num="128" count="12" type="stmt"/>
        <line num="132" count="12" type="stmt"/>
        <line num="133" count="12" type="stmt"/>
        <line num="137" count="12" type="stmt"/>
        <line num="139" count="10" type="stmt"/>
      </file>
    </package>
  </project>
</coverage>
