{"/home/renzosevilha/dev-workspace/.hidden/listusers/src/App.tsx": {"path":"/home/renzosevilha/dev-workspace/.hidden/listusers/src/App.tsx","statementMap":{"0":{"start":{"line":9,"column":28},"end":{"line":9,"column":null}},"1":{"start":{"line":10,"column":34},"end":{"line":10,"column":null}},"2":{"start":{"line":11,"column":17},"end":{"line":11,"column":null}},"3":{"start":{"line":13,"column":23},"end":{"line":13,"column":null}},"4":{"start":{"line":15,"column":39},"end":{"line":21,"column":null}},"5":{"start":{"line":16,"column":4},"end":{"line":20,"column":null}},"6":{"start":{"line":17,"column":6},"end":{"line":17,"column":null}},"7":{"start":{"line":19,"column":6},"end":{"line":19,"column":null}},"8":{"start":{"line":23,"column":15},"end":{"line":23,"column":30}},"9":{"start":{"line":25,"column":2},"end":{"line":35,"column":null}},"10":{"start":{"line":26,"column":23},"end":{"line":32,"column":null}},"11":{"start":{"line":27,"column":20},"end":{"line":30,"column":null}},"12":{"start":{"line":31,"column":6},"end":{"line":31,"column":null}},"13":{"start":{"line":34,"column":4},"end":{"line":34,"column":null}},"14":{"start":{"line":8,"column":9},"end":{"line":8,"column":null}}},"fnMap":{"0":{"name":"App","decl":{"start":{"line":8,"column":9},"end":{"line":8,"column":null}},"loc":{"start":{"line":8,"column":9},"end":{"line":69,"column":null}}},"1":{"name":"(anonymous_1)","decl":{"start":{"line":15,"column":39},"end":{"line":15,"column":40}},"loc":{"start":{"line":15,"column":40},"end":{"line":21,"column":null}}},"2":{"name":"(anonymous_2)","decl":{"start":{"line":16,"column":11},"end":{"line":16,"column":null}},"loc":{"start":{"line":16,"column":11},"end":{"line":20,"column":null}}},"3":{"name":"(anonymous_3)","decl":{"start":{"line":25,"column":12},"end":{"line":25,"column":null}},"loc":{"start":{"line":25,"column":12},"end":{"line":35,"column":5}}},"4":{"name":"(anonymous_4)","decl":{"start":{"line":26,"column":23},"end":{"line":26,"column":null}},"loc":{"start":{"line":26,"column":23},"end":{"line":32,"column":null}}}},"branchMap":{"0":{"loc":{"start":{"line":40,"column":9},"end":{"line":40,"column":17}},"type":"binary-expr","locations":[{"start":{"line":40,"column":9},"end":{"line":40,"column":17}}]}},"s":{"0":48,"1":48,"2":48,"3":48,"4":48,"5":540,"6":8,"7":8,"8":48,"9":48,"10":12,"11":12,"12":10,"13":12,"14":12},"f":{"0":48,"1":540,"2":8,"3":12,"4":12},"b":{"0":[48]}}
,"/home/renzosevilha/dev-workspace/.hidden/listusers/src/components/Carousel/Card.tsx": {"path":"/home/renzosevilha/dev-workspace/.hidden/listusers/src/components/Carousel/Card.tsx","statementMap":{"0":{"start":{"line":8,"column":9},"end":{"line":8,"column":14}}},"fnMap":{"0":{"name":"Card","decl":{"start":{"line":8,"column":9},"end":{"line":8,"column":14}},"loc":{"start":{"line":11,"column":20},"end":{"line":30,"column":null}}}},"branchMap":{},"s":{"0":6},"f":{"0":480},"b":{}}
,"/home/renzosevilha/dev-workspace/.hidden/listusers/src/components/Carousel/Container.tsx": {"path":"/home/renzosevilha/dev-workspace/.hidden/listusers/src/components/Carousel/Container.tsx","statementMap":{"0":{"start":{"line":5,"column":9},"end":{"line":5,"column":19}}},"fnMap":{"0":{"name":"Container","decl":{"start":{"line":5,"column":9},"end":{"line":5,"column":19}},"loc":{"start":{"line":5,"column":55},"end":{"line":11,"column":null}}}},"branchMap":{},"s":{"0":6},"f":{"0":44},"b":{}}
,"/home/renzosevilha/dev-workspace/.hidden/listusers/src/components/Carousel/IndicatorButton.tsx": {"path":"/home/renzosevilha/dev-workspace/.hidden/listusers/src/components/Carousel/IndicatorButton.tsx","statementMap":{"0":{"start":{"line":5,"column":9},"end":{"line":5,"column":25}}},"fnMap":{"0":{"name":"IndicatorButton","decl":{"start":{"line":5,"column":9},"end":{"line":5,"column":25}},"loc":{"start":{"line":5,"column":64},"end":{"line":11,"column":null}}}},"branchMap":{},"s":{"0":6},"f":{"0":480},"b":{}}
,"/home/renzosevilha/dev-workspace/.hidden/listusers/src/components/Carousel/IndicatorButtonsContainer.tsx": {"path":"/home/renzosevilha/dev-workspace/.hidden/listusers/src/components/Carousel/IndicatorButtonsContainer.tsx","statementMap":{"0":{"start":{"line":5,"column":9},"end":{"line":5,"column":35}}},"fnMap":{"0":{"name":"IndicatorButtonsContainer","decl":{"start":{"line":5,"column":9},"end":{"line":5,"column":35}},"loc":{"start":{"line":7,"column":41},"end":{"line":11,"column":null}}}},"branchMap":{},"s":{"0":6},"f":{"0":44},"b":{}}
,"/home/renzosevilha/dev-workspace/.hidden/listusers/src/components/Carousel/Item.tsx": {"path":"/home/renzosevilha/dev-workspace/.hidden/listusers/src/components/Carousel/Item.tsx","statementMap":{"0":{"start":{"line":7,"column":9},"end":{"line":7,"column":15}}},"fnMap":{"0":{"name":"Items","decl":{"start":{"line":7,"column":9},"end":{"line":7,"column":15}},"loc":{"start":{"line":7,"column":54},"end":{"line":13,"column":null}}}},"branchMap":{},"s":{"0":6},"f":{"0":480},"b":{}}
,"/home/renzosevilha/dev-workspace/.hidden/listusers/src/components/Carousel/ItemsContainer.tsx": {"path":"/home/renzosevilha/dev-workspace/.hidden/listusers/src/components/Carousel/ItemsContainer.tsx","statementMap":{"0":{"start":{"line":5,"column":9},"end":{"line":5,"column":24}}},"fnMap":{"0":{"name":"ItemsContainer","decl":{"start":{"line":5,"column":9},"end":{"line":5,"column":24}},"loc":{"start":{"line":5,"column":65},"end":{"line":11,"column":null}}}},"branchMap":{},"s":{"0":6},"f":{"0":44},"b":{}}
,"/home/renzosevilha/dev-workspace/.hidden/listusers/src/components/Modal/Container.tsx": {"path":"/home/renzosevilha/dev-workspace/.hidden/listusers/src/components/Modal/Container.tsx","statementMap":{"0":{"start":{"line":5,"column":9},"end":{"line":5,"column":24}}},"fnMap":{"0":{"name":"ModalContainer","decl":{"start":{"line":5,"column":9},"end":{"line":5,"column":24}},"loc":{"start":{"line":5,"column":57},"end":{"line":19,"column":null}}}},"branchMap":{},"s":{"0":6},"f":{"0":44},"b":{}}
,"/home/renzosevilha/dev-workspace/.hidden/listusers/src/components/Modal/Location.tsx": {"path":"/home/renzosevilha/dev-workspace/.hidden/listusers/src/components/Modal/Location.tsx","statementMap":{"0":{"start":{"line":7,"column":9},"end":{"line":7,"column":23}}},"fnMap":{"0":{"name":"ModalLocation","decl":{"start":{"line":7,"column":9},"end":{"line":7,"column":23}},"loc":{"start":{"line":7,"column":51},"end":{"line":35,"column":null}}}},"branchMap":{},"s":{"0":6},"f":{"0":32},"b":{}}
,"/home/renzosevilha/dev-workspace/.hidden/listusers/src/server/Users/users.factory.ts": {"path":"/home/renzosevilha/dev-workspace/.hidden/listusers/src/server/Users/users.factory.ts","statementMap":{"0":{"start":{"line":5,"column":23},"end":{"line":5,"column":null}},"1":{"start":{"line":6,"column":2},"end":{"line":6,"column":null}}},"fnMap":{"0":{"name":"createUsersService","decl":{"start":{"line":4,"column":16},"end":{"line":4,"column":null}},"loc":{"start":{"line":4,"column":16},"end":{"line":7,"column":null}}}},"branchMap":{},"s":{"0":48,"1":48},"f":{"0":48},"b":{}}
,"/home/renzosevilha/dev-workspace/.hidden/listusers/src/server/Users/users.service.ts": {"path":"/home/renzosevilha/dev-workspace/.hidden/listusers/src/server/Users/users.service.ts","statementMap":{"0":{"start":{"line":103,"column":4},"end":{"line":115,"column":null}},"1":{"start":{"line":119,"column":20},"end":{"line":119,"column":null}},"2":{"start":{"line":121,"column":4},"end":{"line":121,"column":null}},"3":{"start":{"line":122,"column":4},"end":{"line":122,"column":null}},"4":{"start":{"line":124,"column":4},"end":{"line":124,"column":null}},"5":{"start":{"line":128,"column":4},"end":{"line":128,"column":null}},"6":{"start":{"line":132,"column":16},"end":{"line":132,"column":null}},"7":{"start":{"line":133,"column":4},"end":{"line":133,"column":null}},"8":{"start":{"line":137,"column":8},"end":{"line":137,"column":null}},"9":{"start":{"line":139,"column":4},"end":{"line":139,"column":null}},"10":{"start":{"line":100,"column":31},"end":{"line":100,"column":51}}},"fnMap":{"0":{"name":"(anonymous_1)","decl":{"start":{"line":102,"column":10},"end":{"line":102,"column":20}},"loc":{"start":{"line":102,"column":57},"end":{"line":116,"column":null}}},"1":{"name":"(anonymous_2)","decl":{"start":{"line":118,"column":10},"end":{"line":118,"column":24}},"loc":{"start":{"line":118,"column":60},"end":{"line":125,"column":null}}},"2":{"name":"(anonymous_3)","decl":{"start":{"line":127,"column":10},"end":{"line":127,"column":22}},"loc":{"start":{"line":127,"column":64},"end":{"line":129,"column":null}}},"3":{"name":"(anonymous_4)","decl":{"start":{"line":131,"column":2},"end":{"line":131,"column":15}},"loc":{"start":{"line":131,"column":36},"end":{"line":140,"column":null}}},"4":{"name":"(anonymous_5)","decl":{"start":{"line":100,"column":2},"end":{"line":100,"column":14}},"loc":{"start":{"line":100,"column":53},"end":{"line":100,"column":null}}}},"branchMap":{"0":{"loc":{"start":{"line":121,"column":4},"end":{"line":121,"column":null}},"type":"binary-expr","locations":[{"start":{"line":121,"column":4},"end":{"line":121,"column":34}},{"start":{"line":121,"column":34},"end":{"line":121,"column":null}}]}},"s":{"0":150,"1":12,"2":12,"3":12,"4":12,"5":12,"6":12,"7":12,"8":12,"9":10,"10":48},"f":{"0":150,"1":12,"2":12,"3":12,"4":48},"b":{"0":[12,4]}}
}
