TN:
SF:../home/renzosevilha/dev-workspace/.hidden/listusers/src/App.tsx
FN:8,App
FN:15,(anonymous_1)
FN:16,(anonymous_2)
FN:25,(anonymous_3)
FN:26,(anonymous_4)
FNF:5
FNH:5
FNDA:48,App
FNDA:540,(anonymous_1)
FNDA:8,(anonymous_2)
FNDA:12,(anonymous_3)
FNDA:12,(anonymous_4)
DA:8,12
DA:9,48
DA:10,48
DA:11,48
DA:13,48
DA:15,48
DA:16,540
DA:17,8
DA:19,8
DA:23,48
DA:25,48
DA:26,12
DA:27,12
DA:31,10
DA:34,12
LF:15
LH:15
BRDA:40,0,0,48
BRF:1
BRH:1
end_of_record
TN:
SF:../home/renzosevilha/dev-workspace/.hidden/listusers/src/components/Carousel/Card.tsx
FN:8,Card
FNF:1
FNH:1
FNDA:480,Card
DA:8,6
LF:1
LH:1
BRF:0
BRH:0
end_of_record
TN:
SF:../home/renzosevilha/dev-workspace/.hidden/listusers/src/components/Carousel/Container.tsx
FN:5,Container
FNF:1
FNH:1
FNDA:44,Container
DA:5,6
LF:1
LH:1
BRF:0
BRH:0
end_of_record
TN:
SF:../home/renzosevilha/dev-workspace/.hidden/listusers/src/components/Carousel/IndicatorButton.tsx
FN:5,IndicatorButton
FNF:1
FNH:1
FNDA:480,IndicatorButton
DA:5,6
LF:1
LH:1
BRF:0
BRH:0
end_of_record
TN:
SF:../home/renzosevilha/dev-workspace/.hidden/listusers/src/components/Carousel/IndicatorButtonsContainer.tsx
FN:5,IndicatorButtonsContainer
FNF:1
FNH:1
FNDA:44,IndicatorButtonsContainer
DA:5,6
LF:1
LH:1
BRF:0
BRH:0
end_of_record
TN:
SF:../home/renzosevilha/dev-workspace/.hidden/listusers/src/components/Carousel/Item.tsx
FN:7,Items
FNF:1
FNH:1
FNDA:480,Items
DA:7,6
LF:1
LH:1
BRF:0
BRH:0
end_of_record
TN:
SF:../home/renzosevilha/dev-workspace/.hidden/listusers/src/components/Carousel/ItemsContainer.tsx
FN:5,ItemsContainer
FNF:1
FNH:1
FNDA:44,ItemsContainer
DA:5,6
LF:1
LH:1
BRF:0
BRH:0
end_of_record
TN:
SF:../home/renzosevilha/dev-workspace/.hidden/listusers/src/components/Modal/Container.tsx
FN:5,ModalContainer
FNF:1
FNH:1
FNDA:44,ModalContainer
DA:5,6
LF:1
LH:1
BRF:0
BRH:0
end_of_record
TN:
SF:../home/renzosevilha/dev-workspace/.hidden/listusers/src/components/Modal/Location.tsx
FN:7,ModalLocation
FNF:1
FNH:1
FNDA:32,ModalLocation
DA:7,6
LF:1
LH:1
BRF:0
BRH:0
end_of_record
TN:
SF:../home/renzosevilha/dev-workspace/.hidden/listusers/src/server/Users/users.factory.ts
FN:4,createUsersService
FNF:1
FNH:1
FNDA:48,createUsersService
DA:5,48
DA:6,48
LF:2
LH:2
BRF:0
BRH:0
end_of_record
TN:
SF:../home/renzosevilha/dev-workspace/.hidden/listusers/src/server/Users/users.service.ts
FN:102,(anonymous_1)
FN:118,(anonymous_2)
FN:127,(anonymous_3)
FN:131,(anonymous_4)
FN:100,(anonymous_5)
FNF:5
FNH:5
FNDA:150,(anonymous_1)
FNDA:12,(anonymous_2)
FNDA:12,(anonymous_3)
FNDA:12,(anonymous_4)
FNDA:48,(anonymous_5)
DA:100,48
DA:103,150
DA:119,12
DA:121,12
DA:122,12
DA:124,12
DA:128,12
DA:132,12
DA:133,12
DA:137,12
DA:139,10
LF:11
LH:11
BRDA:121,0,0,12
BRDA:121,0,1,4
BRF:2
BRH:2
end_of_record
TN:
SF:src/App.tsx
FN:8,App
FN:15,(anonymous_1)
FN:16,(anonymous_2)
FN:25,(anonymous_3)
FN:26,(anonymous_4)
FNF:5
FNH:5
FNDA:64,App
FNDA:690,(anonymous_1)
FNDA:6,(anonymous_2)
FNDA:18,(anonymous_3)
FNDA:18,(anonymous_4)
DA:8,18
DA:9,64
DA:10,64
DA:11,64
DA:13,64
DA:15,64
DA:16,690
DA:17,6
DA:19,6
DA:23,64
DA:25,64
DA:26,18
DA:27,18
DA:31,17
DA:34,18
LF:15
LH:15
BRDA:40,0,0,64
BRF:1
BRH:1
end_of_record
TN:
SF:src/components/Carousel/Card.tsx
FN:8,Card
FNF:1
FNH:1
FNDA:600,Card
DA:8,9
LF:1
LH:1
BRF:0
BRH:0
end_of_record
TN:
SF:src/components/Carousel/Container.tsx
FN:5,Container
FNF:1
FNH:1
FNDA:58,Container
DA:5,9
LF:1
LH:1
BRF:0
BRH:0
end_of_record
TN:
SF:src/components/Carousel/IndicatorButton.tsx
FN:5,IndicatorButton
FNF:1
FNH:1
FNDA:600,IndicatorButton
DA:5,9
LF:1
LH:1
BRF:0
BRH:0
end_of_record
TN:
SF:src/components/Carousel/IndicatorButtonsContainer.tsx
FN:5,IndicatorButtonsContainer
FNF:1
FNH:1
FNDA:58,IndicatorButtonsContainer
DA:5,9
LF:1
LH:1
BRF:0
BRH:0
end_of_record
TN:
SF:src/components/Carousel/Item.tsx
FN:7,Items
FNF:1
FNH:1
FNDA:600,Items
DA:7,9
LF:1
LH:1
BRF:0
BRH:0
end_of_record
TN:
SF:src/components/Carousel/ItemsContainer.tsx
FN:5,ItemsContainer
FNF:1
FNH:1
FNDA:58,ItemsContainer
DA:5,9
LF:1
LH:1
BRF:0
BRH:0
end_of_record
TN:
SF:src/components/Modal/Container.tsx
FN:5,ModalContainer
FNF:1
FNH:1
FNDA:58,ModalContainer
DA:5,9
LF:1
LH:1
BRF:0
BRH:0
end_of_record
TN:
SF:src/components/Modal/Location.tsx
FN:7,ModalLocation
FNF:1
FNH:1
FNDA:40,ModalLocation
DA:7,9
LF:1
LH:1
BRF:0
BRH:0
end_of_record
TN:
SF:src/server/Users/users.factory.ts
FN:4,createUsersService
FNF:1
FNH:1
FNDA:64,createUsersService
DA:5,64
DA:6,64
LF:2
LH:2
BRF:0
BRH:0
end_of_record
TN:
SF:src/server/Users/users.service.ts
FN:102,(anonymous_1)
FN:118,(anonymous_2)
FN:127,(anonymous_3)
FN:131,(anonymous_4)
FN:100,(anonymous_5)
FNF:5
FNH:5
FNDA:255,(anonymous_1)
FNDA:18,(anonymous_2)
FNDA:18,(anonymous_3)
FNDA:18,(anonymous_4)
FNDA:64,(anonymous_5)
DA:100,64
DA:103,255
DA:119,18
DA:121,18
DA:122,18
DA:124,18
DA:128,24
DA:132,18
DA:133,18
DA:137,18
DA:139,17
LF:11
LH:11
BRDA:121,0,0,18
BRDA:121,0,1,2
BRF:2
BRH:2
end_of_record
